{
  "stats": {
    "suites": 0,
    "tests": 1,
    "passes": 0,
    "pending": 0,
    "failures": 1,
    "start": "2024-02-15T06:48:33.093Z",
    "end": "2024-02-15T06:49:19.753Z",
    "duration": 46660,
    "testsRegistered": 1,
    "passPercent": 0,
    "pendingPercent": 0,
    "other": 0,
    "hasOther": false,
    "skipped": 0,
    "hasSkipped": false
  },
  "results": [
    {
      "uuid": "3e40d13d-5de1-4ad9-b631-52f63e284eb4",
      "title": "",
      "fullFile": "cypress\\e2e\\Stage_V1\\Stage\\Customized_Order_Stage.cy.js",
      "file": "cypress\\e2e\\Stage_V1\\Stage\\Customized_Order_Stage.cy.js",
      "beforeHooks": [],
      "afterHooks": [],
      "tests": [
        {
          "title": "CUSTOMISE ORDER PLACEMENT ",
          "fullTitle": "CUSTOMISE ORDER PLACEMENT ",
          "timedOut": null,
          "duration": 44048,
          "state": "failed",
          "speed": null,
          "pass": false,
          "fail": true,
          "pending": false,
          "context": "{\n  \"title\": \"cypress-mochawesome-reporter-screenshots\",\n  \"value\": [\n    [\n      \"\\\\Customized_Order_Stage.cy.js\\\\CUSTOMISE ORDER PLACEMENT (failed).png\"\n    ]\n  ]\n}",
          "code": "",
          "err": {
            "message": "AssertionError: Timed out retrying after 10000ms: Expected to find element: `.css-1jt1w2w`, but never found it.",
            "estack": "AssertionError: Timed out retrying after 10000ms: Expected to find element: `.css-1jt1w2w`, but never found it.\n    at Context.eval (webpack://cypressprojects_001/./cypress/e2e/Stage_V1/Stage/Customized_Order_Stage.cy.js:35:15)",
            "diff": null
          },
          "uuid": "73ba6a8c-2e7b-4448-ae25-0bc03e6f9431",
          "parentUUID": "3e40d13d-5de1-4ad9-b631-52f63e284eb4",
          "isHook": false,
          "skipped": false
        }
      ],
      "suites": [],
      "passes": [],
      "failures": [
        "73ba6a8c-2e7b-4448-ae25-0bc03e6f9431"
      ],
      "pending": [],
      "skipped": [],
      "duration": 44048,
      "root": true,
      "rootEmpty": false,
      "_timeout": 2000
    }
  ],
  "meta": {
    "mocha": {
      "version": "7.0.1"
    },
    "mochawesome": {
      "options": {
        "quiet": false,
        "reportFilename": "mochawesome",
        "saveHtml": false,
        "saveJson": true,
        "consoleReporter": "spec",
        "useInlineDiffs": false,
        "code": false
      },
      "version": "7.1.3"
    },
    "marge": {
      "options": {
        "reportDir": "cypress\\report\\mochawesome-report\\.jsons",
        "code": false,
        "charts": true,
        "autoOpen": true,
        "html": false,
        "overwrite": false,
        "json": true,
        "jsonFolder": ".jsons",
        "jsonReportFilename": "mochawesome-report"
      },
      "version": "6.2.0"
    }
  }
}