{
  "stats": {
    "suites": 1,
    "tests": 1,
    "passes": 1,
    "pending": 0,
    "failures": 0,
    "start": "2024-02-15T06:52:06.494Z",
    "end": "2024-02-15T06:52:22.207Z",
    "duration": 15713,
    "testsRegistered": 1,
    "passPercent": 100,
    "pendingPercent": 0,
    "other": 0,
    "hasOther": false,
    "skipped": 0,
    "hasSkipped": false
  },
  "results": [
    {
      "uuid": "d504ca91-38f7-4cae-ab49-db48dd90a9f4",
      "title": "",
      "fullFile": "cypress\\e2e\\Stage_V1\\Stage\\SaleEvent_Stage.cy.js",
      "file": "cypress\\e2e\\Stage_V1\\Stage\\SaleEvent_Stage.cy.js",
      "beforeHooks": [],
      "afterHooks": [],
      "tests": [],
      "suites": [
        {
          "uuid": "853d32f8-7937-4692-9413-f1824e5f0dfa",
          "title": "Lucky_Store",
          "fullFile": "",
          "file": "",
          "beforeHooks": [],
          "afterHooks": [],
          "tests": [
            {
              "title": "SaleEventCreation",
              "fullTitle": "Lucky_Store SaleEventCreation",
              "timedOut": null,
              "duration": 13668,
              "state": "passed",
              "speed": "slow",
              "pass": true,
              "fail": false,
              "pending": false,
              "context": "{\n  \"title\": \"cypress-mochawesome-reporter-screenshots\",\n  \"value\": [\n    [\n      \"\\\\SaleEvent_Stage.cy.js\\\\Lucky_Store -- SaleEventCreation.png\"\n    ]\n  ]\n}",
              "code": "",
              "err": {},
              "uuid": "f3df05d5-99a8-4678-8296-c990d5f75f88",
              "parentUUID": "853d32f8-7937-4692-9413-f1824e5f0dfa",
              "isHook": false,
              "skipped": false
            }
          ],
          "suites": [],
          "passes": [
            "f3df05d5-99a8-4678-8296-c990d5f75f88"
          ],
          "failures": [],
          "pending": [],
          "skipped": [],
          "duration": 13668,
          "root": false,
          "rootEmpty": false,
          "_timeout": 2000
        }
      ],
      "passes": [],
      "failures": [],
      "pending": [],
      "skipped": [],
      "duration": 0,
      "root": true,
      "rootEmpty": true,
      "_timeout": 2000
    }
  ],
  "meta": {
    "mocha": {
      "version": "7.0.1"
    },
    "mochawesome": {
      "options": {
        "quiet": false,
        "reportFilename": "mochawesome",
        "saveHtml": false,
        "saveJson": true,
        "consoleReporter": "spec",
        "useInlineDiffs": false,
        "code": false
      },
      "version": "7.1.3"
    },
    "marge": {
      "options": {
        "reportDir": "cypress\\report\\mochawesome-report\\.jsons",
        "code": false,
        "charts": true,
        "autoOpen": true,
        "html": false,
        "overwrite": false,
        "json": true,
        "jsonFolder": ".jsons",
        "jsonReportFilename": "mochawesome-report"
      },
      "version": "6.2.0"
    }
  }
}