{
  "stats": {
    "suites": 1,
    "tests": 1,
    "passes": 0,
    "pending": 0,
    "failures": 1,
    "start": "2024-02-15T06:51:50.490Z",
    "end": "2024-02-15T06:52:04.941Z",
    "duration": 14451,
    "testsRegistered": 1,
    "passPercent": 0,
    "pendingPercent": 0,
    "other": 0,
    "hasOther": false,
    "skipped": 0,
    "hasSkipped": false
  },
  "results": [
    {
      "uuid": "3f59d477-25d5-4c92-955e-9b214d3d1e0a",
      "title": "",
      "fullFile": "cypress\\e2e\\Stage_V1\\Stage\\Recentlywidget_Stage.cy.js",
      "file": "cypress\\e2e\\Stage_V1\\Stage\\Recentlywidget_Stage.cy.js",
      "beforeHooks": [],
      "afterHooks": [],
      "tests": [],
      "suites": [
        {
          "uuid": "4d1a065d-58b6-4aa1-b7af-c81b33cab86c",
          "title": "Recently Viewed Activity",
          "fullFile": "",
          "file": "",
          "beforeHooks": [],
          "afterHooks": [],
          "tests": [
            {
              "title": "Viewing the Product and Checking in the Recently Viewed Widget",
              "fullTitle": "Recently Viewed Activity Viewing the Product and Checking in the Recently Viewed Widget",
              "timedOut": null,
              "duration": 11771,
              "state": "failed",
              "speed": null,
              "pass": false,
              "fail": true,
              "pending": false,
              "context": "{\n  \"title\": \"cypress-mochawesome-reporter-screenshots\",\n  \"value\": [\n    [\n      \"\\\\Recentlywidget_Stage.cy.js\\\\Recently Viewed Activity -- Viewing the Product and Checking in the Recently Viewed Widget (failed).png\"\n    ]\n  ]\n}",
              "code": "",
              "err": {
                "message": "Error: Quitting test",
                "estack": "Error: Quitting test\n    at Context.eval (webpack://cypressprojects_001/./cypress/e2e/Stage_V1/Stage/Recentlywidget_Stage.cy.js:46:18)",
                "diff": null
              },
              "uuid": "980187a1-e7c0-4a9a-b9cd-deae67c809fb",
              "parentUUID": "4d1a065d-58b6-4aa1-b7af-c81b33cab86c",
              "isHook": false,
              "skipped": false
            }
          ],
          "suites": [],
          "passes": [],
          "failures": [
            "980187a1-e7c0-4a9a-b9cd-deae67c809fb"
          ],
          "pending": [],
          "skipped": [],
          "duration": 11771,
          "root": false,
          "rootEmpty": false,
          "_timeout": 2000
        }
      ],
      "passes": [],
      "failures": [],
      "pending": [],
      "skipped": [],
      "duration": 0,
      "root": true,
      "rootEmpty": true,
      "_timeout": 2000
    }
  ],
  "meta": {
    "mocha": {
      "version": "7.0.1"
    },
    "mochawesome": {
      "options": {
        "quiet": false,
        "reportFilename": "mochawesome",
        "saveHtml": false,
        "saveJson": true,
        "consoleReporter": "spec",
        "useInlineDiffs": false,
        "code": false
      },
      "version": "7.1.3"
    },
    "marge": {
      "options": {
        "reportDir": "cypress\\report\\mochawesome-report\\.jsons",
        "code": false,
        "charts": true,
        "autoOpen": true,
        "html": false,
        "overwrite": false,
        "json": true,
        "jsonFolder": ".jsons",
        "jsonReportFilename": "mochawesome-report"
      },
      "version": "6.2.0"
    }
  }
}