{
  "stats": {
    "suites": 0,
    "tests": 1,
    "passes": 0,
    "pending": 0,
    "failures": 1,
    "start": "2024-02-15T06:48:14.675Z",
    "end": "2024-02-15T06:48:31.559Z",
    "duration": 16884,
    "testsRegistered": 1,
    "passPercent": 0,
    "pendingPercent": 0,
    "other": 0,
    "hasOther": false,
    "skipped": 0,
    "hasSkipped": false
  },
  "results": [
    {
      "uuid": "9df780c2-6373-4b75-a695-8ec4f3788485",
      "title": "",
      "fullFile": "cypress\\e2e\\Stage_V1\\Stage\\Customization_Stage.cy.js",
      "file": "cypress\\e2e\\Stage_V1\\Stage\\Customization_Stage.cy.js",
      "beforeHooks": [],
      "afterHooks": [],
      "tests": [
        {
          "title": "Verifying the Create Catalog Through Search and Placing the Order with Custom Prices",
          "fullTitle": "Verifying the Create Catalog Through Search and Placing the Order with Custom Prices",
          "timedOut": null,
          "duration": 14516,
          "state": "failed",
          "speed": null,
          "pass": false,
          "fail": true,
          "pending": false,
          "context": "{\n  \"title\": \"cypress-mochawesome-reporter-screenshots\",\n  \"value\": [\n    [\n      \"\\\\Customization_Stage.cy.js\\\\Verifying the Create Catalog Through Search and Placing the Order with Custom Prices.png\",\n      \"\\\\Customization_Stage.cy.js\\\\Verifying the Create Catalog Through Search and Placing the Order with Custom Prices (failed).png\"\n    ]\n  ]\n}",
          "code": "",
          "err": {
            "message": "AssertionError: Timed out retrying after 10000ms: Expected to find element: `.css-169inv6`, but never found it.",
            "estack": "AssertionError: Timed out retrying after 10000ms: Expected to find element: `.css-169inv6`, but never found it.\n    at Context.eval (webpack://cypressprojects_001/./cypress/e2e/Stage_V1/Stage/Customization_Stage.cy.js:143:3)",
            "diff": null
          },
          "uuid": "789bdd54-1f2d-4b7a-9af1-40783dfd411f",
          "parentUUID": "9df780c2-6373-4b75-a695-8ec4f3788485",
          "isHook": false,
          "skipped": false
        }
      ],
      "suites": [],
      "passes": [],
      "failures": [
        "789bdd54-1f2d-4b7a-9af1-40783dfd411f"
      ],
      "pending": [],
      "skipped": [],
      "duration": 14516,
      "root": true,
      "rootEmpty": false,
      "_timeout": 2000
    }
  ],
  "meta": {
    "mocha": {
      "version": "7.0.1"
    },
    "mochawesome": {
      "options": {
        "quiet": false,
        "reportFilename": "mochawesome",
        "saveHtml": false,
        "saveJson": true,
        "consoleReporter": "spec",
        "useInlineDiffs": false,
        "code": false
      },
      "version": "7.1.3"
    },
    "marge": {
      "options": {
        "reportDir": "cypress\\report\\mochawesome-report\\.jsons",
        "code": false,
        "charts": true,
        "autoOpen": true,
        "html": false,
        "overwrite": false,
        "json": true,
        "jsonFolder": ".jsons",
        "jsonReportFilename": "mochawesome-report"
      },
      "version": "6.2.0"
    }
  }
}