{
  "stats": {
    "suites": 0,
    "tests": 1,
    "passes": 1,
    "pending": 0,
    "failures": 0,
    "start": "2024-02-15T06:52:23.631Z",
    "end": "2024-02-15T06:52:33.787Z",
    "duration": 10156,
    "testsRegistered": 1,
    "passPercent": 100,
    "pendingPercent": 0,
    "other": 0,
    "hasOther": false,
    "skipped": 0,
    "hasSkipped": false
  },
  "results": [
    {
      "uuid": "e9b72a4e-1a02-4d86-9910-b7d155ed086e",
      "title": "",
      "fullFile": "cypress\\e2e\\Stage_V1\\Stage\\Searching_Stage.cy.js",
      "file": "cypress\\e2e\\Stage_V1\\Stage\\Searching_Stage.cy.js",
      "beforeHooks": [],
      "afterHooks": [],
      "tests": [
        {
          "title": "Search function in website",
          "fullTitle": "Search function in website",
          "timedOut": null,
          "duration": 7777,
          "state": "passed",
          "speed": "medium",
          "pass": true,
          "fail": false,
          "pending": false,
          "context": null,
          "code": "",
          "err": {},
          "uuid": "252c3a13-3a5f-453d-ac72-edf309a66549",
          "parentUUID": "e9b72a4e-1a02-4d86-9910-b7d155ed086e",
          "isHook": false,
          "skipped": false
        }
      ],
      "suites": [],
      "passes": [
        "252c3a13-3a5f-453d-ac72-edf309a66549"
      ],
      "failures": [],
      "pending": [],
      "skipped": [],
      "duration": 7777,
      "root": true,
      "rootEmpty": false,
      "_timeout": 2000
    }
  ],
  "meta": {
    "mocha": {
      "version": "7.0.1"
    },
    "mochawesome": {
      "options": {
        "quiet": false,
        "reportFilename": "mochawesome",
        "saveHtml": false,
        "saveJson": true,
        "consoleReporter": "spec",
        "useInlineDiffs": false,
        "code": false
      },
      "version": "7.1.3"
    },
    "marge": {
      "options": {
        "reportDir": "cypress\\report\\mochawesome-report\\.jsons",
        "code": false,
        "charts": true,
        "autoOpen": true,
        "html": false,
        "overwrite": false,
        "json": true,
        "jsonFolder": ".jsons",
        "jsonReportFilename": "mochawesome-report"
      },
      "version": "6.2.0"
    }
  }
}