{
  "stats": {
    "suites": 0,
    "tests": 1,
    "passes": 0,
    "pending": 0,
    "failures": 1,
    "start": "2024-02-15T06:45:41.700Z",
    "end": "2024-02-15T06:45:59.045Z",
    "duration": 17345,
    "testsRegistered": 1,
    "passPercent": 0,
    "pendingPercent": 0,
    "other": 0,
    "hasOther": false,
    "skipped": 0,
    "hasSkipped": false
  },
  "results": [
    {
      "uuid": "6eea299d-6242-45ba-8569-87c063a917c0",
      "title": "",
      "fullFile": "cypress\\e2e\\Stage_V1\\Stage\\AddtoBag_Stage.cy.js",
      "file": "cypress\\e2e\\Stage_V1\\Stage\\AddtoBag_Stage.cy.js",
      "beforeHooks": [],
      "afterHooks": [],
      "tests": [
        {
          "title": "Ordering the Bag Products",
          "fullTitle": "Ordering the Bag Products",
          "timedOut": null,
          "duration": 14851,
          "state": "failed",
          "speed": null,
          "pass": false,
          "fail": true,
          "pending": false,
          "context": "{\n  \"title\": \"cypress-mochawesome-reporter-screenshots\",\n  \"value\": [\n    [\n      \"\\\\AddtoBag_Stage.cy.js\\\\Ordering the Bag Products (failed).png\"\n    ]\n  ]\n}",
          "code": "",
          "err": {
            "message": "AssertionError: Timed out retrying after 10000ms: Expected to find element: `:nth-child(1) > .css-nfl1fu > .css-1sf8q8u > .css-1timy0t > :nth-child(2) > .css-1bkty0y > .css-zejslb > .css-15luse1 > .css-y7l8i8`, but never found it.",
            "estack": "AssertionError: Timed out retrying after 10000ms: Expected to find element: `:nth-child(1) > .css-nfl1fu > .css-1sf8q8u > .css-1timy0t > :nth-child(2) > .css-1bkty0y > .css-zejslb > .css-15luse1 > .css-y7l8i8`, but never found it.\n    at eval (webpack://cypressprojects_001/./cypress/e2e/Stage_V1/Stage/AddtoBag_Stage.cy.js:74:15)\nat Array.forEach (<anonymous>)\n    at Context.eval (webpack://cypressprojects_001/./cypress/e2e/Stage_V1/Stage/AddtoBag_Stage.cy.js:72:18)",
            "diff": null
          },
          "uuid": "f1503bdd-40b9-4fb0-8553-887079df5013",
          "parentUUID": "6eea299d-6242-45ba-8569-87c063a917c0",
          "isHook": false,
          "skipped": false
        }
      ],
      "suites": [],
      "passes": [],
      "failures": [
        "f1503bdd-40b9-4fb0-8553-887079df5013"
      ],
      "pending": [],
      "skipped": [],
      "duration": 14851,
      "root": true,
      "rootEmpty": false,
      "_timeout": 2000
    }
  ],
  "meta": {
    "mocha": {
      "version": "7.0.1"
    },
    "mochawesome": {
      "options": {
        "quiet": false,
        "reportFilename": "mochawesome",
        "saveHtml": false,
        "saveJson": true,
        "consoleReporter": "spec",
        "useInlineDiffs": false,
        "code": false
      },
      "version": "7.1.3"
    },
    "marge": {
      "options": {
        "reportDir": "cypress\\report\\mochawesome-report\\.jsons",
        "code": false,
        "charts": true,
        "autoOpen": true,
        "html": false,
        "overwrite": false,
        "json": true,
        "jsonFolder": ".jsons",
        "jsonReportFilename": "mochawesome-report"
      },
      "version": "6.2.0"
    }
  }
}