{
  "stats": {
    "suites": 0,
    "tests": 1,
    "passes": 0,
    "pending": 0,
    "failures": 1,
    "start": "2024-02-15T06:50:41.050Z",
    "end": "2024-02-15T06:50:55.236Z",
    "duration": 14186,
    "testsRegistered": 1,
    "passPercent": 0,
    "pendingPercent": 0,
    "other": 0,
    "hasOther": false,
    "skipped": 0,
    "hasSkipped": false
  },
  "results": [
    {
      "uuid": "5aa1086a-0e39-4dd0-b4d5-c4be3a22bd98",
      "title": "",
      "fullFile": "cypress\\e2e\\Stage_V1\\Stage\\ProductImages_Check_Stage.cy.js",
      "file": "cypress\\e2e\\Stage_V1\\Stage\\ProductImages_Check_Stage.cy.js",
      "beforeHooks": [],
      "afterHooks": [],
      "tests": [
        {
          "title": "Product images check",
          "fullTitle": "Product images check",
          "timedOut": null,
          "duration": 12052,
          "state": "failed",
          "speed": null,
          "pass": false,
          "fail": true,
          "pending": false,
          "context": "{\n  \"title\": \"cypress-mochawesome-reporter-screenshots\",\n  \"value\": [\n    [\n      \"\\\\ProductImages_Check_Stage.cy.js\\\\Product images check (failed).png\"\n    ]\n  ]\n}",
          "code": "",
          "err": {
            "message": "AssertionError: Timed out retrying after 10000ms: Expected to find element: `4`, but never found it. Queried from:\n\n              > cy.get(.css-1fewev7)",
            "estack": "AssertionError: Timed out retrying after 10000ms: Expected to find element: `4`, but never found it. Queried from:\n\n              > cy.get(.css-1fewev7)\n    at Context.eval (webpack://cypressprojects_001/./cypress/e2e/Stage_V1/Stage/ProductImages_Check_Stage.cy.js:9:29)",
            "diff": null
          },
          "uuid": "f854964e-d027-487a-a0ff-16a2db3cfab9",
          "parentUUID": "5aa1086a-0e39-4dd0-b4d5-c4be3a22bd98",
          "isHook": false,
          "skipped": false
        }
      ],
      "suites": [],
      "passes": [],
      "failures": [
        "f854964e-d027-487a-a0ff-16a2db3cfab9"
      ],
      "pending": [],
      "skipped": [],
      "duration": 12052,
      "root": true,
      "rootEmpty": false,
      "_timeout": 2000
    }
  ],
  "meta": {
    "mocha": {
      "version": "7.0.1"
    },
    "mochawesome": {
      "options": {
        "quiet": false,
        "reportFilename": "mochawesome",
        "saveHtml": false,
        "saveJson": true,
        "consoleReporter": "spec",
        "useInlineDiffs": false,
        "code": false
      },
      "version": "7.1.3"
    },
    "marge": {
      "options": {
        "reportDir": "cypress\\report\\mochawesome-report\\.jsons",
        "code": false,
        "charts": true,
        "autoOpen": true,
        "html": false,
        "overwrite": false,
        "json": true,
        "jsonFolder": ".jsons",
        "jsonReportFilename": "mochawesome-report"
      },
      "version": "6.2.0"
    }
  }
}