{
  "stats": {
    "suites": 1,
    "tests": 1,
    "passes": 1,
    "pending": 0,
    "failures": 0,
    "start": "2024-02-15T06:47:57.042Z",
    "end": "2024-02-15T06:48:12.970Z",
    "duration": 15928,
    "testsRegistered": 1,
    "passPercent": 100,
    "pendingPercent": 0,
    "other": 0,
    "hasOther": false,
    "skipped": 0,
    "hasSkipped": false
  },
  "results": [
    {
      "uuid": "d3ec0d5e-2923-4dac-b0ca-e04094f87dd3",
      "title": "",
      "fullFile": "cypress\\e2e\\Stage_V1\\Stage\\Create_Collections_Stage.cy.js",
      "file": "cypress\\e2e\\Stage_V1\\Stage\\Create_Collections_Stage.cy.js",
      "beforeHooks": [],
      "afterHooks": [],
      "tests": [],
      "suites": [
        {
          "uuid": "f37b705b-452a-4fd3-9f6f-838d76d4e138",
          "title": "Creating the Collections",
          "fullFile": "",
          "file": "",
          "beforeHooks": [],
          "afterHooks": [],
          "tests": [
            {
              "title": "Creating the Manual collections ",
              "fullTitle": "Creating the Collections Creating the Manual collections ",
              "timedOut": null,
              "duration": 13873,
              "state": "passed",
              "speed": "slow",
              "pass": true,
              "fail": false,
              "pending": false,
              "context": null,
              "code": "",
              "err": {},
              "uuid": "4719aabd-1a04-44bb-96b9-5794d11f82a5",
              "parentUUID": "f37b705b-452a-4fd3-9f6f-838d76d4e138",
              "isHook": false,
              "skipped": false
            }
          ],
          "suites": [],
          "passes": [
            "4719aabd-1a04-44bb-96b9-5794d11f82a5"
          ],
          "failures": [],
          "pending": [],
          "skipped": [],
          "duration": 13873,
          "root": false,
          "rootEmpty": false,
          "_timeout": 2000
        }
      ],
      "passes": [],
      "failures": [],
      "pending": [],
      "skipped": [],
      "duration": 0,
      "root": true,
      "rootEmpty": true,
      "_timeout": 2000
    }
  ],
  "meta": {
    "mocha": {
      "version": "7.0.1"
    },
    "mochawesome": {
      "options": {
        "quiet": false,
        "reportFilename": "mochawesome",
        "saveHtml": false,
        "saveJson": true,
        "consoleReporter": "spec",
        "useInlineDiffs": false,
        "code": false
      },
      "version": "7.1.3"
    },
    "marge": {
      "options": {
        "reportDir": "cypress\\report\\mochawesome-report\\.jsons",
        "code": false,
        "charts": true,
        "autoOpen": true,
        "html": false,
        "overwrite": false,
        "json": true,
        "jsonFolder": ".jsons",
        "jsonReportFilename": "mochawesome-report"
      },
      "version": "6.2.0"
    }
  }
}