{
  "stats": {
    "suites": 1,
    "tests": 1,
    "passes": 0,
    "pending": 0,
    "failures": 1,
    "start": "2024-02-15T06:50:06.215Z",
    "end": "2024-02-15T06:50:20.174Z",
    "duration": 13959,
    "testsRegistered": 1,
    "passPercent": 0,
    "pendingPercent": 0,
    "other": 0,
    "hasOther": false,
    "skipped": 0,
    "hasSkipped": false
  },
  "results": [
    {
      "uuid": "aa822be9-3fdb-4baa-99ad-da6104c1eb35",
      "title": "",
      "fullFile": "cypress\\e2e\\Stage_V1\\Stage\\Muliple_Quntity_Ordering_Stage.cy.js",
      "file": "cypress\\e2e\\Stage_V1\\Stage\\Muliple_Quntity_Ordering_Stage.cy.js",
      "beforeHooks": [],
      "afterHooks": [],
      "tests": [],
      "suites": [
        {
          "uuid": "7458da46-b937-4705-a121-cb1f31494253",
          "title": "PLACING_WEBSITE_ORDERS",
          "fullFile": "",
          "file": "",
          "beforeHooks": [],
          "afterHooks": [],
          "tests": [
            {
              "title": "Mutliple_Quantity",
              "fullTitle": "PLACING_WEBSITE_ORDERS Mutliple_Quantity",
              "timedOut": null,
              "duration": 12075,
              "state": "failed",
              "speed": null,
              "pass": false,
              "fail": true,
              "pending": false,
              "context": "{\n  \"title\": \"cypress-mochawesome-reporter-screenshots\",\n  \"value\": [\n    [\n      \"\\\\Muliple_Quntity_Ordering_Stage.cy.js\\\\PLACING_WEBSITE_ORDERS -- Mutliple_Quantity (failed).png\"\n    ]\n  ]\n}",
              "code": "",
              "err": {
                "message": "AssertionError: Timed out retrying after 10000ms: Expected to find element: `:nth-child(2) > .css-1bkty0y`, but never found it.",
                "estack": "AssertionError: Timed out retrying after 10000ms: Expected to find element: `:nth-child(2) > .css-1bkty0y`, but never found it.\n    at Context.eval (webpack://cypressprojects_001/./cypress/e2e/Stage_V1/Stage/Muliple_Quntity_Ordering_Stage.cy.js:18:14)",
                "diff": null
              },
              "uuid": "18d3ed97-222b-4df4-834c-7f71d0a30a7b",
              "parentUUID": "7458da46-b937-4705-a121-cb1f31494253",
              "isHook": false,
              "skipped": false
            }
          ],
          "suites": [],
          "passes": [],
          "failures": [
            "18d3ed97-222b-4df4-834c-7f71d0a30a7b"
          ],
          "pending": [],
          "skipped": [],
          "duration": 12075,
          "root": false,
          "rootEmpty": false,
          "_timeout": 2000
        }
      ],
      "passes": [],
      "failures": [],
      "pending": [],
      "skipped": [],
      "duration": 0,
      "root": true,
      "rootEmpty": true,
      "_timeout": 2000
    }
  ],
  "meta": {
    "mocha": {
      "version": "7.0.1"
    },
    "mochawesome": {
      "options": {
        "quiet": false,
        "reportFilename": "mochawesome",
        "saveHtml": false,
        "saveJson": true,
        "consoleReporter": "spec",
        "useInlineDiffs": false,
        "code": false
      },
      "version": "7.1.3"
    },
    "marge": {
      "options": {
        "reportDir": "cypress\\report\\mochawesome-report\\.jsons",
        "code": false,
        "charts": true,
        "autoOpen": true,
        "html": false,
        "overwrite": false,
        "json": true,
        "jsonFolder": ".jsons",
        "jsonReportFilename": "mochawesome-report"
      },
      "version": "6.2.0"
    }
  }
}