{
  "stats": {
    "suites": 1,
    "tests": 1,
    "passes": 1,
    "pending": 0,
    "failures": 0,
    "start": "2024-02-15T06:46:20.058Z",
    "end": "2024-02-15T06:46:58.289Z",
    "duration": 38231,
    "testsRegistered": 1,
    "passPercent": 100,
    "pendingPercent": 0,
    "other": 0,
    "hasOther": false,
    "skipped": 0,
    "hasSkipped": false
  },
  "results": [
    {
      "uuid": "5f2db71e-7022-4fe2-af52-c4a6b42589b8",
      "title": "",
      "fullFile": "cypress\\e2e\\Stage_V1\\Stage\\Bag_Flow_Stage.cy.js",
      "file": "cypress\\e2e\\Stage_V1\\Stage\\Bag_Flow_Stage.cy.js",
      "beforeHooks": [],
      "afterHooks": [],
      "tests": [],
      "suites": [
        {
          "uuid": "df7c886c-8bcc-492d-8e3f-b677621bbd7f",
          "title": "Adding the Products to Bag and then Placing the order",
          "fullFile": "",
          "file": "",
          "beforeHooks": [],
          "afterHooks": [],
          "tests": [
            {
              "title": "Placing the Bag Products",
              "fullTitle": "Adding the Products to Bag and then Placing the order Placing the Bag Products",
              "timedOut": null,
              "duration": 35478,
              "state": "passed",
              "speed": "slow",
              "pass": true,
              "fail": false,
              "pending": false,
              "context": null,
              "code": "",
              "err": {},
              "uuid": "5bcc9a6e-b073-48e8-af28-77aee112b74f",
              "parentUUID": "df7c886c-8bcc-492d-8e3f-b677621bbd7f",
              "isHook": false,
              "skipped": false
            }
          ],
          "suites": [],
          "passes": [
            "5bcc9a6e-b073-48e8-af28-77aee112b74f"
          ],
          "failures": [],
          "pending": [],
          "skipped": [],
          "duration": 35478,
          "root": false,
          "rootEmpty": false,
          "_timeout": 2000
        }
      ],
      "passes": [],
      "failures": [],
      "pending": [],
      "skipped": [],
      "duration": 0,
      "root": true,
      "rootEmpty": true,
      "_timeout": 2000
    }
  ],
  "meta": {
    "mocha": {
      "version": "7.0.1"
    },
    "mochawesome": {
      "options": {
        "quiet": false,
        "reportFilename": "mochawesome",
        "saveHtml": false,
        "saveJson": true,
        "consoleReporter": "spec",
        "useInlineDiffs": false,
        "code": false
      },
      "version": "7.1.3"
    },
    "marge": {
      "options": {
        "reportDir": "cypress\\report\\mochawesome-report\\.jsons",
        "code": false,
        "charts": true,
        "autoOpen": true,
        "html": false,
        "overwrite": false,
        "json": true,
        "jsonFolder": ".jsons",
        "jsonReportFilename": "mochawesome-report"
      },
      "version": "6.2.0"
    }
  }
}