{
  "stats": {
    "suites": 0,
    "tests": 2,
    "passes": 1,
    "pending": 0,
    "failures": 1,
    "start": "2024-02-15T06:52:37.168Z",
    "end": "2024-02-15T06:53:01.657Z",
    "duration": 24489,
    "testsRegistered": 2,
    "passPercent": 50,
    "pendingPercent": 0,
    "other": 0,
    "hasOther": false,
    "skipped": 0,
    "hasSkipped": false
  },
  "results": [
    {
      "uuid": "c0d96401-292c-4a60-9129-11d11f5d6e9b",
      "title": "",
      "fullFile": "cypress\\e2e\\Stage_V1\\Stage\\Size&Sizechart_Stage.cy.js",
      "file": "cypress\\e2e\\Stage_V1\\Stage\\Size&Sizechart_Stage.cy.js",
      "beforeHooks": [],
      "afterHooks": [],
      "tests": [
        {
          "title": "size chart image check",
          "fullTitle": "size chart image check",
          "timedOut": null,
          "duration": 12609,
          "state": "failed",
          "speed": null,
          "pass": false,
          "fail": true,
          "pending": false,
          "context": "{\n  \"title\": \"cypress-mochawesome-reporter-screenshots\",\n  \"value\": [\n    [\n      \"\\\\Size&Sizechart_Stage.cy.js\\\\size chart image check (failed).png\"\n    ]\n  ]\n}",
          "code": "",
          "err": {
            "message": "AssertionError: Timed out retrying after 10000ms: Expected to find element: `.css-1l6x5qr`, but never found it.",
            "estack": "AssertionError: Timed out retrying after 10000ms: Expected to find element: `.css-1l6x5qr`, but never found it.\n    at Context.eval (webpack://cypressprojects_001/./cypress/e2e/Stage_V1/Stage/Size&Sizechart_Stage.cy.js:6:3)",
            "diff": null
          },
          "uuid": "56ff8066-a32b-4237-b965-79fc4258f0fc",
          "parentUUID": "c0d96401-292c-4a60-9129-11d11f5d6e9b",
          "isHook": false,
          "skipped": false
        },
        {
          "title": "Size picker check",
          "fullTitle": "Size picker check",
          "timedOut": null,
          "duration": 6983,
          "state": "passed",
          "speed": "medium",
          "pass": true,
          "fail": false,
          "pending": false,
          "context": null,
          "code": "",
          "err": {},
          "uuid": "997587f3-f37b-448c-af3f-496c57cd8efa",
          "parentUUID": "c0d96401-292c-4a60-9129-11d11f5d6e9b",
          "isHook": false,
          "skipped": false
        }
      ],
      "suites": [],
      "passes": [
        "997587f3-f37b-448c-af3f-496c57cd8efa"
      ],
      "failures": [
        "56ff8066-a32b-4237-b965-79fc4258f0fc"
      ],
      "pending": [],
      "skipped": [],
      "duration": 19592,
      "root": true,
      "rootEmpty": false,
      "_timeout": 2000
    }
  ],
  "meta": {
    "mocha": {
      "version": "7.0.1"
    },
    "mochawesome": {
      "options": {
        "quiet": false,
        "reportFilename": "mochawesome",
        "saveHtml": false,
        "saveJson": true,
        "consoleReporter": "spec",
        "useInlineDiffs": false,
        "code": false
      },
      "version": "7.1.3"
    },
    "marge": {
      "options": {
        "reportDir": "cypress\\report\\mochawesome-report\\.jsons",
        "code": false,
        "charts": true,
        "autoOpen": true,
        "html": false,
        "overwrite": false,
        "json": true,
        "jsonFolder": ".jsons",
        "jsonReportFilename": "mochawesome-report"
      },
      "version": "6.2.0"
    }
  }
}